<?xml version="1.0" encoding="UTF-8"?>
<!-- Generated by org.testng.reporters.JUnitXMLReporter -->
<testsuite hostname="W00185VDI" ignored="0" name="Bank Wizard" tests="3" failures="1" timestamp="11 Sep 2018 14:00:50 GMT" time="55.677" errors="0">
  <testcase name="BWAccClosed" time="15.474" classname="com.uiFramework.ust.experian.testScripts.BankWiazrdQueries"/>
  <testcase name="BWAccClosed" time="16.0" classname="com.uiFramework.ust.experian.testScripts.BankWiazrdQueries">
    <failure type="java.lang.AssertionError" message="expected [true] but found [false]">
      <![CDATA[java.lang.AssertionError: expected [true] but found [false]at com.uiFramework.ust.experian.helper.assertion.AssertionHelper.markFail(AssertionHelper.java:30)at com.uiFramework.ust.experian.testScripts.BankWiazrdQueries.BWAccClosed(BankWiazrdQueries.java:77)... Removed 29 stack frames]]>
    </failure>
  </testcase> <!-- BWAccClosed -->
  <testcase name="BWAccHolderDeceased" time="19.286" classname="com.uiFramework.ust.experian.testScripts.BankWiazrdQueries"/>
</testsuite> <!-- Bank Wizard -->
