<?xml version="1.0" encoding="UTF-8"?>
<!-- Generated by org.testng.reporters.JUnitXMLReporter -->
<testsuite hostname="W00185VDI" ignored="0" name="Bank Wizard" tests="3" failures="1" timestamp="16 Aug 2018 12:01:40 GMT" time="63.233" errors="0">
  <testcase name="BWAccClosed" time="14.849" classname="com.uiFramework.ust.experian.testScripts.BankWiazrdQueries"/>
  <testcase name="BWAccClosed" time="11.268" classname="com.uiFramework.ust.experian.testScripts.BankWiazrdQueries">
    <failure type="java.lang.AssertionError" message="expected [true] but found [false]">
      <![CDATA[java.lang.AssertionError: expected [true] but found [false]at com.uiFramework.ust.experian.helper.assertion.AssertionHelper.markFail(AssertionHelper.java:30)at com.uiFramework.ust.experian.testScripts.BankWiazrdQueries.BWAccClosed(BankWiazrdQueries.java:74)... Removed 32 stack frames]]>
    </failure>
  </testcase> <!-- BWAccClosed -->
  <testcase name="BWAccHolderDeceased" time="17.596" classname="com.uiFramework.ust.experian.testScripts.BankWiazrdQueries"/>
</testsuite> <!-- Bank Wizard -->
